ERROR StackTrace - Full Stack Trace:
java.lang.reflect.InvocationTargetException: null
	at helloworld.HelloController$$FastClassByCGLIB$$1d934600.invoke(<generated>) ~[spring-core-4.1.7.RELEASE.jar:na]
	at org.springframework.cglib.reflect.FastMethod.invoke(FastMethod.java:53) ~[spring-core-4.1.7.RELEASE.jar:4.1.7.RELEASE]
	at org.grails.core.DefaultGrailsControllerClass.invoke(DefaultGrailsControllerClass.java:146) ~[grails-core-3.0.4.jar:3.0.4]
	at org.grails.web.mapping.mvc.UrlMappingsInfoHandlerAdapter.handle(UrlMappingsInfoHandlerAdapter.groovy:87) ~[grails-web-url-mappings-3.0.4.jar:3.0.4]
	at org.springframework.web.servlet.DispatcherServlet.doDispatch(DispatcherServlet.java:959) [spring-webmvc-4.1.7.RELEASE.jar:4.1.7.RELEASE]
	at org.springframework.web.servlet.DispatcherServlet.doService(DispatcherServlet.java:893) [spring-webmvc-4.1.7.RELEASE.jar:4.1.7.RELEASE]
	at org.springframework.web.servlet.FrameworkServlet.processRequest(FrameworkServlet.java:967) [spring-webmvc-4.1.7.RELEASE.jar:4.1.7.RELEASE]
	at org.springframework.web.servlet.FrameworkServlet.doGet(FrameworkServlet.java:858) [spring-webmvc-4.1.7.RELEASE.jar:4.1.7.RELEASE]
	at javax.servlet.http.HttpServlet.service(HttpServlet.java:622) [tomcat-embed-core-8.0.23.jar:8.0.23]
	at org.springframework.web.servlet.FrameworkServlet.service(FrameworkServlet.java:843) [spring-webmvc-4.1.7.RELEASE.jar:4.1.7.RELEASE]
	at javax.servlet.http.HttpServlet.service(HttpServlet.java:729) [tomcat-embed-core-8.0.23.jar:8.0.23]
	at org.apache.catalina.core.ApplicationFilterChain.internalDoFilter(ApplicationFilterChain.java:291) [tomcat-embed-core-8.0.23.jar:8.0.23]
	at org.apache.catalina.core.ApplicationFilterChain.doFilter(ApplicationFilterChain.java:206) [tomcat-embed-core-8.0.23.jar:8.0.23]
	at org.apache.tomcat.websocket.server.WsFilter.doFilter(WsFilter.java:52) [tomcat-embed-websocket-8.0.23.jar:8.0.23]
	at org.apache.catalina.core.ApplicationFilterChain.internalDoFilter(ApplicationFilterChain.java:239) [tomcat-embed-core-8.0.23.jar:8.0.23]
	at org.apache.catalina.core.ApplicationFilterChain.doFilter(ApplicationFilterChain.java:206) [tomcat-embed-core-8.0.23.jar:8.0.23]
	at org.springframework.boot.actuate.autoconfigure.EndpointWebMvcAutoConfiguration$ApplicationContextHeaderFilter.doFilterInternal(EndpointWebMvcAutoConfiguration.java:295) [spring-boot-actuator-1.2.5.RELEASE.jar:1.2.5.RELEASE]
	at org.springframework.web.filter.OncePerRequestFilter.doFilter(OncePerRequestFilter.java:107) [spring-web-4.1.7.RELEASE.jar:4.1.7.RELEASE]
	at org.apache.catalina.core.ApplicationFilterChain.internalDoFilter(ApplicationFilterChain.java:239) [tomcat-embed-core-8.0.23.jar:8.0.23]
	at org.apache.catalina.core.ApplicationFilterChain.doFilter(ApplicationFilterChain.java:206) [tomcat-embed-core-8.0.23.jar:8.0.23]
	at org.springframework.boot.actuate.trace.WebRequestTraceFilter.doFilterInternal(WebRequestTraceFilter.java:102) [spring-boot-actuator-1.2.5.RELEASE.jar:1.2.5.RELEASE]
	at org.springframework.web.filter.OncePerRequestFilter.doFilter(OncePerRequestFilter.java:107) [spring-web-4.1.7.RELEASE.jar:4.1.7.RELEASE]
	at org.apache.catalina.core.ApplicationFilterChain.internalDoFilter(ApplicationFilterChain.java:239) [tomcat-embed-core-8.0.23.jar:8.0.23]
	at org.apache.catalina.core.ApplicationFilterChain.doFilter(ApplicationFilterChain.java:206) [tomcat-embed-core-8.0.23.jar:8.0.23]
	at org.grails.web.servlet.mvc.GrailsWebRequestFilter.doFilterInternal(GrailsWebRequestFilter.java:73) [grails-web-mvc-3.0.4.jar:3.0.4]
	at org.springframework.web.filter.OncePerRequestFilter.doFilter(OncePerRequestFilter.java:107) [spring-web-4.1.7.RELEASE.jar:4.1.7.RELEASE]
	at org.apache.catalina.core.ApplicationFilterChain.internalDoFilter(ApplicationFilterChain.java:239) [tomcat-embed-core-8.0.23.jar:8.0.23]
	at org.apache.catalina.core.ApplicationFilterChain.doFilter(ApplicationFilterChain.java:206) [tomcat-embed-core-8.0.23.jar:8.0.23]
	at org.grails.web.filters.HiddenHttpMethodFilter.doFilterInternal(HiddenHttpMethodFilter.java:67) [grails-web-mvc-3.0.4.jar:3.0.4]
	at org.springframework.web.filter.OncePerRequestFilter.doFilter(OncePerRequestFilter.java:107) [spring-web-4.1.7.RELEASE.jar:4.1.7.RELEASE]
	at org.apache.catalina.core.ApplicationFilterChain.internalDoFilter(ApplicationFilterChain.java:239) [tomcat-embed-core-8.0.23.jar:8.0.23]
	at org.apache.catalina.core.ApplicationFilterChain.doFilter(ApplicationFilterChain.java:206) [tomcat-embed-core-8.0.23.jar:8.0.23]
	at org.springframework.web.filter.CharacterEncodingFilter.doFilterInternal(CharacterEncodingFilter.java:85) [spring-web-4.1.7.RELEASE.jar:4.1.7.RELEASE]
	at org.springframework.web.filter.OncePerRequestFilter.doFilter(OncePerRequestFilter.java:107) [spring-web-4.1.7.RELEASE.jar:4.1.7.RELEASE]
	at org.apache.catalina.core.ApplicationFilterChain.internalDoFilter(ApplicationFilterChain.java:239) [tomcat-embed-core-8.0.23.jar:8.0.23]
	at org.apache.catalina.core.ApplicationFilterChain.doFilter(ApplicationFilterChain.java:206) [tomcat-embed-core-8.0.23.jar:8.0.23]
	at org.springframework.boot.actuate.autoconfigure.MetricsFilter.doFilterInternal(MetricsFilter.java:68) [spring-boot-actuator-1.2.5.RELEASE.jar:1.2.5.RELEASE]
	at org.springframework.web.filter.OncePerRequestFilter.doFilter(OncePerRequestFilter.java:107) [spring-web-4.1.7.RELEASE.jar:4.1.7.RELEASE]
	at org.apache.catalina.core.ApplicationFilterChain.internalDoFilter(ApplicationFilterChain.java:239) [tomcat-embed-core-8.0.23.jar:8.0.23]
	at org.apache.catalina.core.ApplicationFilterChain.doFilter(ApplicationFilterChain.java:206) [tomcat-embed-core-8.0.23.jar:8.0.23]
	at org.apache.catalina.core.StandardWrapperValve.invoke(StandardWrapperValve.java:219) [tomcat-embed-core-8.0.23.jar:8.0.23]
	at org.apache.catalina.core.StandardContextValve.invoke(StandardContextValve.java:106) [tomcat-embed-core-8.0.23.jar:8.0.23]
	at org.apache.catalina.authenticator.AuthenticatorBase.invoke(AuthenticatorBase.java:502) [tomcat-embed-core-8.0.23.jar:8.0.23]
	at org.apache.catalina.core.StandardHostValve.invoke(StandardHostValve.java:142) [tomcat-embed-core-8.0.23.jar:8.0.23]
	at org.apache.catalina.valves.ErrorReportValve.invoke(ErrorReportValve.java:79) [tomcat-embed-core-8.0.23.jar:8.0.23]
	at org.apache.catalina.core.StandardEngineValve.invoke(StandardEngineValve.java:88) [tomcat-embed-core-8.0.23.jar:8.0.23]
	at org.apache.catalina.connector.CoyoteAdapter.service(CoyoteAdapter.java:518) [tomcat-embed-core-8.0.23.jar:8.0.23]
	at org.apache.coyote.http11.AbstractHttp11Processor.process(AbstractHttp11Processor.java:1091) [tomcat-embed-core-8.0.23.jar:8.0.23]
	at org.apache.coyote.AbstractProtocol$AbstractConnectionHandler.process(AbstractProtocol.java:668) [tomcat-embed-core-8.0.23.jar:8.0.23]
	at org.apache.tomcat.util.net.NioEndpoint$SocketProcessor.doRun(NioEndpoint.java:1521) [tomcat-embed-core-8.0.23.jar:8.0.23]
	at org.apache.tomcat.util.net.NioEndpoint$SocketProcessor.run(NioEndpoint.java:1478) [tomcat-embed-core-8.0.23.jar:8.0.23]
	at java.util.concurrent.ThreadPoolExecutor.runWorker(ThreadPoolExecutor.java:1142) [na:1.8.0_25]
	at java.util.concurrent.ThreadPoolExecutor$Worker.run(ThreadPoolExecutor.java:617) [na:1.8.0_25]
	at org.apache.tomcat.util.threads.TaskThread$WrappingRunnable.run(TaskThread.java:61) [tomcat-embed-core-8.0.23.jar:8.0.23]
	at java.lang.Thread.run(Thread.java:745) [na:1.8.0_25]
Caused by: groovy.lang.MissingPropertyException: No such property: jsonStr for class: helloworld.HelloController
	at org.codehaus.groovy.runtime.ScriptBytecodeAdapter.unwrap(ScriptBytecodeAdapter.java:53) ~[groovy-2.4.4.jar:2.4.4]
	at org.codehaus.groovy.runtime.ScriptBytecodeAdapter.setGroovyObjectProperty(ScriptBytecodeAdapter.java:534) ~[groovy-2.4.4.jar:2.4.4]
	at helloworld.HelloController.index(HelloController.groovy:12) ~[main/:na]
	... 55 common frames omitted
ERROR StackTrace - Full Stack Trace:
groovy.lang.MissingPropertyException: No such property: jsonStr for class: helloworld.HelloController
	at org.codehaus.groovy.runtime.ScriptBytecodeAdapter.unwrap(ScriptBytecodeAdapter.java:53) ~[groovy-2.4.4.jar:2.4.4]
	at org.codehaus.groovy.runtime.ScriptBytecodeAdapter.setGroovyObjectProperty(ScriptBytecodeAdapter.java:534) ~[groovy-2.4.4.jar:2.4.4]
	at helloworld.HelloController.index(HelloController.groovy:12) ~[main/:na]
	at helloworld.HelloController$$FastClassByCGLIB$$1d934600.invoke(<generated>) ~[spring-core-4.1.7.RELEASE.jar:na]
	at org.springframework.cglib.reflect.FastMethod.invoke(FastMethod.java:53) ~[spring-core-4.1.7.RELEASE.jar:4.1.7.RELEASE]
	at org.grails.core.DefaultGrailsControllerClass.invoke(DefaultGrailsControllerClass.java:146) ~[grails-core-3.0.4.jar:3.0.4]
	at org.grails.web.mapping.mvc.UrlMappingsInfoHandlerAdapter.handle(UrlMappingsInfoHandlerAdapter.groovy:87) ~[grails-web-url-mappings-3.0.4.jar:3.0.4]
	at org.springframework.web.servlet.DispatcherServlet.doDispatch(DispatcherServlet.java:959) [spring-webmvc-4.1.7.RELEASE.jar:4.1.7.RELEASE]
	at org.springframework.web.servlet.DispatcherServlet.doService(DispatcherServlet.java:893) [spring-webmvc-4.1.7.RELEASE.jar:4.1.7.RELEASE]
	at org.springframework.web.servlet.FrameworkServlet.processRequest(FrameworkServlet.java:967) [spring-webmvc-4.1.7.RELEASE.jar:4.1.7.RELEASE]
	at org.springframework.web.servlet.FrameworkServlet.doGet(FrameworkServlet.java:858) [spring-webmvc-4.1.7.RELEASE.jar:4.1.7.RELEASE]
	at javax.servlet.http.HttpServlet.service(HttpServlet.java:622) [tomcat-embed-core-8.0.23.jar:8.0.23]
	at org.springframework.web.servlet.FrameworkServlet.service(FrameworkServlet.java:843) [spring-webmvc-4.1.7.RELEASE.jar:4.1.7.RELEASE]
	at javax.servlet.http.HttpServlet.service(HttpServlet.java:729) [tomcat-embed-core-8.0.23.jar:8.0.23]
	at org.apache.catalina.core.ApplicationFilterChain.internalDoFilter(ApplicationFilterChain.java:291) [tomcat-embed-core-8.0.23.jar:8.0.23]
	at org.apache.catalina.core.ApplicationFilterChain.doFilter(ApplicationFilterChain.java:206) [tomcat-embed-core-8.0.23.jar:8.0.23]
	at org.apache.tomcat.websocket.server.WsFilter.doFilter(WsFilter.java:52) [tomcat-embed-websocket-8.0.23.jar:8.0.23]
	at org.apache.catalina.core.ApplicationFilterChain.internalDoFilter(ApplicationFilterChain.java:239) [tomcat-embed-core-8.0.23.jar:8.0.23]
	at org.apache.catalina.core.ApplicationFilterChain.doFilter(ApplicationFilterChain.java:206) [tomcat-embed-core-8.0.23.jar:8.0.23]
	at org.springframework.boot.actuate.autoconfigure.EndpointWebMvcAutoConfiguration$ApplicationContextHeaderFilter.doFilterInternal(EndpointWebMvcAutoConfiguration.java:295) [spring-boot-actuator-1.2.5.RELEASE.jar:1.2.5.RELEASE]
	at org.springframework.web.filter.OncePerRequestFilter.doFilter(OncePerRequestFilter.java:107) [spring-web-4.1.7.RELEASE.jar:4.1.7.RELEASE]
	at org.apache.catalina.core.ApplicationFilterChain.internalDoFilter(ApplicationFilterChain.java:239) [tomcat-embed-core-8.0.23.jar:8.0.23]
	at org.apache.catalina.core.ApplicationFilterChain.doFilter(ApplicationFilterChain.java:206) [tomcat-embed-core-8.0.23.jar:8.0.23]
	at org.springframework.boot.actuate.trace.WebRequestTraceFilter.doFilterInternal(WebRequestTraceFilter.java:102) [spring-boot-actuator-1.2.5.RELEASE.jar:1.2.5.RELEASE]
	at org.springframework.web.filter.OncePerRequestFilter.doFilter(OncePerRequestFilter.java:107) [spring-web-4.1.7.RELEASE.jar:4.1.7.RELEASE]
	at org.apache.catalina.core.ApplicationFilterChain.internalDoFilter(ApplicationFilterChain.java:239) [tomcat-embed-core-8.0.23.jar:8.0.23]
	at org.apache.catalina.core.ApplicationFilterChain.doFilter(ApplicationFilterChain.java:206) [tomcat-embed-core-8.0.23.jar:8.0.23]
	at org.grails.web.servlet.mvc.GrailsWebRequestFilter.doFilterInternal(GrailsWebRequestFilter.java:73) [grails-web-mvc-3.0.4.jar:3.0.4]
	at org.springframework.web.filter.OncePerRequestFilter.doFilter(OncePerRequestFilter.java:107) [spring-web-4.1.7.RELEASE.jar:4.1.7.RELEASE]
	at org.apache.catalina.core.ApplicationFilterChain.internalDoFilter(ApplicationFilterChain.java:239) [tomcat-embed-core-8.0.23.jar:8.0.23]
	at org.apache.catalina.core.ApplicationFilterChain.doFilter(ApplicationFilterChain.java:206) [tomcat-embed-core-8.0.23.jar:8.0.23]
	at org.grails.web.filters.HiddenHttpMethodFilter.doFilterInternal(HiddenHttpMethodFilter.java:67) [grails-web-mvc-3.0.4.jar:3.0.4]
	at org.springframework.web.filter.OncePerRequestFilter.doFilter(OncePerRequestFilter.java:107) [spring-web-4.1.7.RELEASE.jar:4.1.7.RELEASE]
	at org.apache.catalina.core.ApplicationFilterChain.internalDoFilter(ApplicationFilterChain.java:239) [tomcat-embed-core-8.0.23.jar:8.0.23]
	at org.apache.catalina.core.ApplicationFilterChain.doFilter(ApplicationFilterChain.java:206) [tomcat-embed-core-8.0.23.jar:8.0.23]
	at org.springframework.web.filter.CharacterEncodingFilter.doFilterInternal(CharacterEncodingFilter.java:85) [spring-web-4.1.7.RELEASE.jar:4.1.7.RELEASE]
	at org.springframework.web.filter.OncePerRequestFilter.doFilter(OncePerRequestFilter.java:107) [spring-web-4.1.7.RELEASE.jar:4.1.7.RELEASE]
	at org.apache.catalina.core.ApplicationFilterChain.internalDoFilter(ApplicationFilterChain.java:239) [tomcat-embed-core-8.0.23.jar:8.0.23]
	at org.apache.catalina.core.ApplicationFilterChain.doFilter(ApplicationFilterChain.java:206) [tomcat-embed-core-8.0.23.jar:8.0.23]
	at org.springframework.boot.actuate.autoconfigure.MetricsFilter.doFilterInternal(MetricsFilter.java:68) [spring-boot-actuator-1.2.5.RELEASE.jar:1.2.5.RELEASE]
	at org.springframework.web.filter.OncePerRequestFilter.doFilter(OncePerRequestFilter.java:107) [spring-web-4.1.7.RELEASE.jar:4.1.7.RELEASE]
	at org.apache.catalina.core.ApplicationFilterChain.internalDoFilter(ApplicationFilterChain.java:239) [tomcat-embed-core-8.0.23.jar:8.0.23]
	at org.apache.catalina.core.ApplicationFilterChain.doFilter(ApplicationFilterChain.java:206) [tomcat-embed-core-8.0.23.jar:8.0.23]
	at org.apache.catalina.core.StandardWrapperValve.invoke(StandardWrapperValve.java:219) [tomcat-embed-core-8.0.23.jar:8.0.23]
	at org.apache.catalina.core.StandardContextValve.invoke(StandardContextValve.java:106) [tomcat-embed-core-8.0.23.jar:8.0.23]
	at org.apache.catalina.authenticator.AuthenticatorBase.invoke(AuthenticatorBase.java:502) [tomcat-embed-core-8.0.23.jar:8.0.23]
	at org.apache.catalina.core.StandardHostValve.invoke(StandardHostValve.java:142) [tomcat-embed-core-8.0.23.jar:8.0.23]
	at org.apache.catalina.valves.ErrorReportValve.invoke(ErrorReportValve.java:79) [tomcat-embed-core-8.0.23.jar:8.0.23]
	at org.apache.catalina.core.StandardEngineValve.invoke(StandardEngineValve.java:88) [tomcat-embed-core-8.0.23.jar:8.0.23]
	at org.apache.catalina.connector.CoyoteAdapter.service(CoyoteAdapter.java:518) [tomcat-embed-core-8.0.23.jar:8.0.23]
	at org.apache.coyote.http11.AbstractHttp11Processor.process(AbstractHttp11Processor.java:1091) [tomcat-embed-core-8.0.23.jar:8.0.23]
	at org.apache.coyote.AbstractProtocol$AbstractConnectionHandler.process(AbstractProtocol.java:668) [tomcat-embed-core-8.0.23.jar:8.0.23]
	at org.apache.tomcat.util.net.NioEndpoint$SocketProcessor.doRun(NioEndpoint.java:1521) [tomcat-embed-core-8.0.23.jar:8.0.23]
	at org.apache.tomcat.util.net.NioEndpoint$SocketProcessor.run(NioEndpoint.java:1478) [tomcat-embed-core-8.0.23.jar:8.0.23]
	at java.util.concurrent.ThreadPoolExecutor.runWorker(ThreadPoolExecutor.java:1142) [na:1.8.0_25]
	at java.util.concurrent.ThreadPoolExecutor$Worker.run(ThreadPoolExecutor.java:617) [na:1.8.0_25]
	at org.apache.tomcat.util.threads.TaskThread$WrappingRunnable.run(TaskThread.java:61) [tomcat-embed-core-8.0.23.jar:8.0.23]
	at java.lang.Thread.run(Thread.java:745) [na:1.8.0_25]
ERROR StackTrace - Full Stack Trace:
java.lang.reflect.InvocationTargetException: null
	at java.util.concurrent.ThreadPoolExecutor.runWorker(ThreadPoolExecutor.java:1142) ~[na:1.8.0_25]
	at java.util.concurrent.ThreadPoolExecutor$Worker.run(ThreadPoolExecutor.java:617) ~[na:1.8.0_25]
	at java.lang.Thread.run(Thread.java:745) [na:1.8.0_25]
Caused by: groovy.lang.MissingPropertyException: No such property: jsonStr for class: helloworld.HelloController
	at helloworld.HelloController.index(HelloController.groovy:12) ~[main/:na]
	... 3 common frames omitted
